<?xml version="1.0" encoding="UTF-8"?>
<testsuite xmlns:xsi="http://www.w3.org/2001/XMLSchema-instance" xsi:noNamespaceSchemaLocation="https://maven.apache.org/surefire/maven-surefire-plugin/xsd/surefire-test-report.xsd" version="3.0.2" name="com.tesseract.demo.TesseractOcrApplicationTests" time="1.852" tests="1" errors="0" skipped="0" failures="0">
  <properties>
    <property name="java.specification.version" value="23"/>
    <property name="sun.jnu.encoding" value="UTF-8"/>
    <property name="java.class.path" value="/home/ttpl-lnvl15-0287/Desktop/Desktop Folder/Tesseract OCR/demo/target/test-classes:/home/ttpl-lnvl15-0287/Desktop/Desktop Folder/Tesseract OCR/demo/target/classes:/home/ttpl-lnvl15-0287/.m2/repository/org/springframework/boot/spring-boot-starter-web/3.4.3/spring-boot-starter-web-3.4.3.jar:/home/ttpl-lnvl15-0287/.m2/repository/org/springframework/boot/spring-boot-starter/3.4.3/spring-boot-starter-3.4.3.jar:/home/ttpl-lnvl15-0287/.m2/repository/org/springframework/boot/spring-boot/3.4.3/spring-boot-3.4.3.jar:/home/ttpl-lnvl15-0287/.m2/repository/org/springframework/boot/spring-boot-autoconfigure/3.4.3/spring-boot-autoconfigure-3.4.3.jar:/home/ttpl-lnvl15-0287/.m2/repository/org/springframework/boot/spring-boot-starter-logging/3.4.3/spring-boot-starter-logging-3.4.3.jar:/home/ttpl-lnvl15-0287/.m2/repository/ch/qos/logback/logback-classic/1.5.16/logback-classic-1.5.16.jar:/home/ttpl-lnvl15-0287/.m2/repository/ch/qos/logback/logback-core/1.5.16/logback-core-1.5.16.jar:/home/ttpl-lnvl15-0287/.m2/repository/org/apache/logging/log4j/log4j-to-slf4j/2.24.3/log4j-to-slf4j-2.24.3.jar:/home/ttpl-lnvl15-0287/.m2/repository/org/apache/logging/log4j/log4j-api/2.24.3/log4j-api-2.24.3.jar:/home/ttpl-lnvl15-0287/.m2/repository/org/slf4j/jul-to-slf4j/2.0.16/jul-to-slf4j-2.0.16.jar:/home/ttpl-lnvl15-0287/.m2/repository/jakarta/annotation/jakarta.annotation-api/2.1.1/jakarta.annotation-api-2.1.1.jar:/home/ttpl-lnvl15-0287/.m2/repository/org/yaml/snakeyaml/2.3/snakeyaml-2.3.jar:/home/ttpl-lnvl15-0287/.m2/repository/org/springframework/boot/spring-boot-starter-json/3.4.3/spring-boot-starter-json-3.4.3.jar:/home/ttpl-lnvl15-0287/.m2/repository/com/fasterxml/jackson/core/jackson-databind/2.18.2/jackson-databind-2.18.2.jar:/home/ttpl-lnvl15-0287/.m2/repository/com/fasterxml/jackson/core/jackson-annotations/2.18.2/jackson-annotations-2.18.2.jar:/home/ttpl-lnvl15-0287/.m2/repository/com/fasterxml/jackson/core/jackson-core/2.18.2/jackson-core-2.18.2.jar:/home/ttpl-lnvl15-0287/.m2/repository/com/fasterxml/jackson/datatype/jackson-datatype-jdk8/2.18.2/jackson-datatype-jdk8-2.18.2.jar:/home/ttpl-lnvl15-0287/.m2/repository/com/fasterxml/jackson/datatype/jackson-datatype-jsr310/2.18.2/jackson-datatype-jsr310-2.18.2.jar:/home/ttpl-lnvl15-0287/.m2/repository/com/fasterxml/jackson/module/jackson-module-parameter-names/2.18.2/jackson-module-parameter-names-2.18.2.jar:/home/ttpl-lnvl15-0287/.m2/repository/org/springframework/boot/spring-boot-starter-tomcat/3.4.3/spring-boot-starter-tomcat-3.4.3.jar:/home/ttpl-lnvl15-0287/.m2/repository/org/apache/tomcat/embed/tomcat-embed-core/10.1.36/tomcat-embed-core-10.1.36.jar:/home/ttpl-lnvl15-0287/.m2/repository/org/apache/tomcat/embed/tomcat-embed-el/10.1.36/tomcat-embed-el-10.1.36.jar:/home/ttpl-lnvl15-0287/.m2/repository/org/apache/tomcat/embed/tomcat-embed-websocket/10.1.36/tomcat-embed-websocket-10.1.36.jar:/home/ttpl-lnvl15-0287/.m2/repository/org/springframework/spring-web/6.2.3/spring-web-6.2.3.jar:/home/ttpl-lnvl15-0287/.m2/repository/org/springframework/spring-beans/6.2.3/spring-beans-6.2.3.jar:/home/ttpl-lnvl15-0287/.m2/repository/io/micrometer/micrometer-observation/1.14.4/micrometer-observation-1.14.4.jar:/home/ttpl-lnvl15-0287/.m2/repository/io/micrometer/micrometer-commons/1.14.4/micrometer-commons-1.14.4.jar:/home/ttpl-lnvl15-0287/.m2/repository/org/springframework/spring-webmvc/6.2.3/spring-webmvc-6.2.3.jar:/home/ttpl-lnvl15-0287/.m2/repository/org/springframework/spring-aop/6.2.3/spring-aop-6.2.3.jar:/home/ttpl-lnvl15-0287/.m2/repository/org/springframework/spring-context/6.2.3/spring-context-6.2.3.jar:/home/ttpl-lnvl15-0287/.m2/repository/org/springframework/spring-expression/6.2.3/spring-expression-6.2.3.jar:/home/ttpl-lnvl15-0287/.m2/repository/org/projectlombok/lombok/1.18.36/lombok-1.18.36.jar:/home/ttpl-lnvl15-0287/.m2/repository/org/springframework/boot/spring-boot-starter-test/3.4.3/spring-boot-starter-test-3.4.3.jar:/home/ttpl-lnvl15-0287/.m2/repository/org/springframework/boot/spring-boot-test/3.4.3/spring-boot-test-3.4.3.jar:/home/ttpl-lnvl15-0287/.m2/repository/org/springframework/boot/spring-boot-test-autoconfigure/3.4.3/spring-boot-test-autoconfigure-3.4.3.jar:/home/ttpl-lnvl15-0287/.m2/repository/com/jayway/jsonpath/json-path/2.9.0/json-path-2.9.0.jar:/home/ttpl-lnvl15-0287/.m2/repository/jakarta/xml/bind/jakarta.xml.bind-api/4.0.2/jakarta.xml.bind-api-4.0.2.jar:/home/ttpl-lnvl15-0287/.m2/repository/jakarta/activation/jakarta.activation-api/2.1.3/jakarta.activation-api-2.1.3.jar:/home/ttpl-lnvl15-0287/.m2/repository/net/minidev/json-smart/2.5.2/json-smart-2.5.2.jar:/home/ttpl-lnvl15-0287/.m2/repository/net/minidev/accessors-smart/2.5.2/accessors-smart-2.5.2.jar:/home/ttpl-lnvl15-0287/.m2/repository/org/ow2/asm/asm/9.7.1/asm-9.7.1.jar:/home/ttpl-lnvl15-0287/.m2/repository/org/assertj/assertj-core/3.26.3/assertj-core-3.26.3.jar:/home/ttpl-lnvl15-0287/.m2/repository/net/bytebuddy/byte-buddy/1.15.11/byte-buddy-1.15.11.jar:/home/ttpl-lnvl15-0287/.m2/repository/org/awaitility/awaitility/4.2.2/awaitility-4.2.2.jar:/home/ttpl-lnvl15-0287/.m2/repository/org/hamcrest/hamcrest/2.2/hamcrest-2.2.jar:/home/ttpl-lnvl15-0287/.m2/repository/org/junit/jupiter/junit-jupiter/5.11.4/junit-jupiter-5.11.4.jar:/home/ttpl-lnvl15-0287/.m2/repository/org/junit/jupiter/junit-jupiter-api/5.11.4/junit-jupiter-api-5.11.4.jar:/home/ttpl-lnvl15-0287/.m2/repository/org/opentest4j/opentest4j/1.3.0/opentest4j-1.3.0.jar:/home/ttpl-lnvl15-0287/.m2/repository/org/junit/platform/junit-platform-commons/1.11.4/junit-platform-commons-1.11.4.jar:/home/ttpl-lnvl15-0287/.m2/repository/org/apiguardian/apiguardian-api/1.1.2/apiguardian-api-1.1.2.jar:/home/ttpl-lnvl15-0287/.m2/repository/org/junit/jupiter/junit-jupiter-params/5.11.4/junit-jupiter-params-5.11.4.jar:/home/ttpl-lnvl15-0287/.m2/repository/org/junit/jupiter/junit-jupiter-engine/5.11.4/junit-jupiter-engine-5.11.4.jar:/home/ttpl-lnvl15-0287/.m2/repository/org/junit/platform/junit-platform-engine/1.11.4/junit-platform-engine-1.11.4.jar:/home/ttpl-lnvl15-0287/.m2/repository/org/mockito/mockito-core/5.14.2/mockito-core-5.14.2.jar:/home/ttpl-lnvl15-0287/.m2/repository/net/bytebuddy/byte-buddy-agent/1.15.11/byte-buddy-agent-1.15.11.jar:/home/ttpl-lnvl15-0287/.m2/repository/org/objenesis/objenesis/3.3/objenesis-3.3.jar:/home/ttpl-lnvl15-0287/.m2/repository/org/mockito/mockito-junit-jupiter/5.14.2/mockito-junit-jupiter-5.14.2.jar:/home/ttpl-lnvl15-0287/.m2/repository/org/skyscreamer/jsonassert/1.5.3/jsonassert-1.5.3.jar:/home/ttpl-lnvl15-0287/.m2/repository/com/vaadin/external/google/android-json/0.0.20131108.vaadin1/android-json-0.0.20131108.vaadin1.jar:/home/ttpl-lnvl15-0287/.m2/repository/org/springframework/spring-core/6.2.3/spring-core-6.2.3.jar:/home/ttpl-lnvl15-0287/.m2/repository/org/springframework/spring-jcl/6.2.3/spring-jcl-6.2.3.jar:/home/ttpl-lnvl15-0287/.m2/repository/org/springframework/spring-test/6.2.3/spring-test-6.2.3.jar:/home/ttpl-lnvl15-0287/.m2/repository/org/xmlunit/xmlunit-core/2.10.0/xmlunit-core-2.10.0.jar:/home/ttpl-lnvl15-0287/.m2/repository/net/sourceforge/tess4j/tess4j/5.11.0/tess4j-5.11.0.jar:/home/ttpl-lnvl15-0287/.m2/repository/net/java/dev/jna/jna/5.14.0/jna-5.14.0.jar:/home/ttpl-lnvl15-0287/.m2/repository/com/github/jai-imageio/jai-imageio-core/1.4.0/jai-imageio-core-1.4.0.jar:/home/ttpl-lnvl15-0287/.m2/repository/org/apache/pdfbox/pdfbox/3.0.1/pdfbox-3.0.1.jar:/home/ttpl-lnvl15-0287/.m2/repository/org/apache/pdfbox/pdfbox-io/3.0.1/pdfbox-io-3.0.1.jar:/home/ttpl-lnvl15-0287/.m2/repository/org/apache/pdfbox/fontbox/3.0.1/fontbox-3.0.1.jar:/home/ttpl-lnvl15-0287/.m2/repository/commons-logging/commons-logging/1.2/commons-logging-1.2.jar:/home/ttpl-lnvl15-0287/.m2/repository/org/apache/pdfbox/pdfbox-tools/3.0.1/pdfbox-tools-3.0.1.jar:/home/ttpl-lnvl15-0287/.m2/repository/org/apache/pdfbox/pdfbox-debugger/3.0.1/pdfbox-debugger-3.0.1.jar:/home/ttpl-lnvl15-0287/.m2/repository/info/picocli/picocli/4.7.5/picocli-4.7.5.jar:/home/ttpl-lnvl15-0287/.m2/repository/org/apache/pdfbox/jbig2-imageio/3.0.4/jbig2-imageio-3.0.4.jar:/home/ttpl-lnvl15-0287/.m2/repository/commons-io/commons-io/2.15.1/commons-io-2.15.1.jar:/home/ttpl-lnvl15-0287/.m2/repository/net/sourceforge/lept4j/lept4j/1.19.1/lept4j-1.19.1.jar:/home/ttpl-lnvl15-0287/.m2/repository/org/jboss/jboss-vfs/3.2.17.Final/jboss-vfs-3.2.17.Final.jar:/home/ttpl-lnvl15-0287/.m2/repository/org/jboss/logging/jboss-logging/3.6.1.Final/jboss-logging-3.6.1.Final.jar:/home/ttpl-lnvl15-0287/.m2/repository/org/slf4j/slf4j-api/2.0.16/slf4j-api-2.0.16.jar:"/>
    <property name="java.vm.vendor" value="Oracle Corporation"/>
    <property name="sun.arch.data.model" value="64"/>
    <property name="java.vendor.url" value="https://java.oracle.com/"/>
    <property name="user.timezone" value="Asia/Kolkata"/>
    <property name="org.jboss.logging.provider" value="slf4j"/>
    <property name="os.name" value="Linux"/>
    <property name="java.vm.specification.version" value="23"/>
    <property name="APPLICATION_NAME" value="Tesseract_ocr"/>
    <property name="sun.java.launcher" value="SUN_STANDARD"/>
    <property name="user.country" value="US"/>
    <property name="sun.boot.library.path" value="/home/ttpl-lnvl15-0287/.jdks/openjdk-23.0.2/lib"/>
    <property name="sun.java.command" value="/home/ttpl-lnvl15-0287/Desktop/Desktop Folder/Tesseract OCR/demo/target/surefire/surefirebooter-20250222214759310_3.jar /home/ttpl-lnvl15-0287/Desktop/Desktop Folder/Tesseract OCR/demo/target/surefire 2025-02-22T21-47-59_230-jvmRun1 surefire-20250222214759310_1tmp surefire_0-20250222214759310_2tmp"/>
    <property name="jdk.debug" value="release"/>
    <property name="surefire.test.class.path" value="/home/ttpl-lnvl15-0287/Desktop/Desktop Folder/Tesseract OCR/demo/target/test-classes:/home/ttpl-lnvl15-0287/Desktop/Desktop Folder/Tesseract OCR/demo/target/classes:/home/ttpl-lnvl15-0287/.m2/repository/org/springframework/boot/spring-boot-starter-web/3.4.3/spring-boot-starter-web-3.4.3.jar:/home/ttpl-lnvl15-0287/.m2/repository/org/springframework/boot/spring-boot-starter/3.4.3/spring-boot-starter-3.4.3.jar:/home/ttpl-lnvl15-0287/.m2/repository/org/springframework/boot/spring-boot/3.4.3/spring-boot-3.4.3.jar:/home/ttpl-lnvl15-0287/.m2/repository/org/springframework/boot/spring-boot-autoconfigure/3.4.3/spring-boot-autoconfigure-3.4.3.jar:/home/ttpl-lnvl15-0287/.m2/repository/org/springframework/boot/spring-boot-starter-logging/3.4.3/spring-boot-starter-logging-3.4.3.jar:/home/ttpl-lnvl15-0287/.m2/repository/ch/qos/logback/logback-classic/1.5.16/logback-classic-1.5.16.jar:/home/ttpl-lnvl15-0287/.m2/repository/ch/qos/logback/logback-core/1.5.16/logback-core-1.5.16.jar:/home/ttpl-lnvl15-0287/.m2/repository/org/apache/logging/log4j/log4j-to-slf4j/2.24.3/log4j-to-slf4j-2.24.3.jar:/home/ttpl-lnvl15-0287/.m2/repository/org/apache/logging/log4j/log4j-api/2.24.3/log4j-api-2.24.3.jar:/home/ttpl-lnvl15-0287/.m2/repository/org/slf4j/jul-to-slf4j/2.0.16/jul-to-slf4j-2.0.16.jar:/home/ttpl-lnvl15-0287/.m2/repository/jakarta/annotation/jakarta.annotation-api/2.1.1/jakarta.annotation-api-2.1.1.jar:/home/ttpl-lnvl15-0287/.m2/repository/org/yaml/snakeyaml/2.3/snakeyaml-2.3.jar:/home/ttpl-lnvl15-0287/.m2/repository/org/springframework/boot/spring-boot-starter-json/3.4.3/spring-boot-starter-json-3.4.3.jar:/home/ttpl-lnvl15-0287/.m2/repository/com/fasterxml/jackson/core/jackson-databind/2.18.2/jackson-databind-2.18.2.jar:/home/ttpl-lnvl15-0287/.m2/repository/com/fasterxml/jackson/core/jackson-annotations/2.18.2/jackson-annotations-2.18.2.jar:/home/ttpl-lnvl15-0287/.m2/repository/com/fasterxml/jackson/core/jackson-core/2.18.2/jackson-core-2.18.2.jar:/home/ttpl-lnvl15-0287/.m2/repository/com/fasterxml/jackson/datatype/jackson-datatype-jdk8/2.18.2/jackson-datatype-jdk8-2.18.2.jar:/home/ttpl-lnvl15-0287/.m2/repository/com/fasterxml/jackson/datatype/jackson-datatype-jsr310/2.18.2/jackson-datatype-jsr310-2.18.2.jar:/home/ttpl-lnvl15-0287/.m2/repository/com/fasterxml/jackson/module/jackson-module-parameter-names/2.18.2/jackson-module-parameter-names-2.18.2.jar:/home/ttpl-lnvl15-0287/.m2/repository/org/springframework/boot/spring-boot-starter-tomcat/3.4.3/spring-boot-starter-tomcat-3.4.3.jar:/home/ttpl-lnvl15-0287/.m2/repository/org/apache/tomcat/embed/tomcat-embed-core/10.1.36/tomcat-embed-core-10.1.36.jar:/home/ttpl-lnvl15-0287/.m2/repository/org/apache/tomcat/embed/tomcat-embed-el/10.1.36/tomcat-embed-el-10.1.36.jar:/home/ttpl-lnvl15-0287/.m2/repository/org/apache/tomcat/embed/tomcat-embed-websocket/10.1.36/tomcat-embed-websocket-10.1.36.jar:/home/ttpl-lnvl15-0287/.m2/repository/org/springframework/spring-web/6.2.3/spring-web-6.2.3.jar:/home/ttpl-lnvl15-0287/.m2/repository/org/springframework/spring-beans/6.2.3/spring-beans-6.2.3.jar:/home/ttpl-lnvl15-0287/.m2/repository/io/micrometer/micrometer-observation/1.14.4/micrometer-observation-1.14.4.jar:/home/ttpl-lnvl15-0287/.m2/repository/io/micrometer/micrometer-commons/1.14.4/micrometer-commons-1.14.4.jar:/home/ttpl-lnvl15-0287/.m2/repository/org/springframework/spring-webmvc/6.2.3/spring-webmvc-6.2.3.jar:/home/ttpl-lnvl15-0287/.m2/repository/org/springframework/spring-aop/6.2.3/spring-aop-6.2.3.jar:/home/ttpl-lnvl15-0287/.m2/repository/org/springframework/spring-context/6.2.3/spring-context-6.2.3.jar:/home/ttpl-lnvl15-0287/.m2/repository/org/springframework/spring-expression/6.2.3/spring-expression-6.2.3.jar:/home/ttpl-lnvl15-0287/.m2/repository/org/projectlombok/lombok/1.18.36/lombok-1.18.36.jar:/home/ttpl-lnvl15-0287/.m2/repository/org/springframework/boot/spring-boot-starter-test/3.4.3/spring-boot-starter-test-3.4.3.jar:/home/ttpl-lnvl15-0287/.m2/repository/org/springframework/boot/spring-boot-test/3.4.3/spring-boot-test-3.4.3.jar:/home/ttpl-lnvl15-0287/.m2/repository/org/springframework/boot/spring-boot-test-autoconfigure/3.4.3/spring-boot-test-autoconfigure-3.4.3.jar:/home/ttpl-lnvl15-0287/.m2/repository/com/jayway/jsonpath/json-path/2.9.0/json-path-2.9.0.jar:/home/ttpl-lnvl15-0287/.m2/repository/jakarta/xml/bind/jakarta.xml.bind-api/4.0.2/jakarta.xml.bind-api-4.0.2.jar:/home/ttpl-lnvl15-0287/.m2/repository/jakarta/activation/jakarta.activation-api/2.1.3/jakarta.activation-api-2.1.3.jar:/home/ttpl-lnvl15-0287/.m2/repository/net/minidev/json-smart/2.5.2/json-smart-2.5.2.jar:/home/ttpl-lnvl15-0287/.m2/repository/net/minidev/accessors-smart/2.5.2/accessors-smart-2.5.2.jar:/home/ttpl-lnvl15-0287/.m2/repository/org/ow2/asm/asm/9.7.1/asm-9.7.1.jar:/home/ttpl-lnvl15-0287/.m2/repository/org/assertj/assertj-core/3.26.3/assertj-core-3.26.3.jar:/home/ttpl-lnvl15-0287/.m2/repository/net/bytebuddy/byte-buddy/1.15.11/byte-buddy-1.15.11.jar:/home/ttpl-lnvl15-0287/.m2/repository/org/awaitility/awaitility/4.2.2/awaitility-4.2.2.jar:/home/ttpl-lnvl15-0287/.m2/repository/org/hamcrest/hamcrest/2.2/hamcrest-2.2.jar:/home/ttpl-lnvl15-0287/.m2/repository/org/junit/jupiter/junit-jupiter/5.11.4/junit-jupiter-5.11.4.jar:/home/ttpl-lnvl15-0287/.m2/repository/org/junit/jupiter/junit-jupiter-api/5.11.4/junit-jupiter-api-5.11.4.jar:/home/ttpl-lnvl15-0287/.m2/repository/org/opentest4j/opentest4j/1.3.0/opentest4j-1.3.0.jar:/home/ttpl-lnvl15-0287/.m2/repository/org/junit/platform/junit-platform-commons/1.11.4/junit-platform-commons-1.11.4.jar:/home/ttpl-lnvl15-0287/.m2/repository/org/apiguardian/apiguardian-api/1.1.2/apiguardian-api-1.1.2.jar:/home/ttpl-lnvl15-0287/.m2/repository/org/junit/jupiter/junit-jupiter-params/5.11.4/junit-jupiter-params-5.11.4.jar:/home/ttpl-lnvl15-0287/.m2/repository/org/junit/jupiter/junit-jupiter-engine/5.11.4/junit-jupiter-engine-5.11.4.jar:/home/ttpl-lnvl15-0287/.m2/repository/org/junit/platform/junit-platform-engine/1.11.4/junit-platform-engine-1.11.4.jar:/home/ttpl-lnvl15-0287/.m2/repository/org/mockito/mockito-core/5.14.2/mockito-core-5.14.2.jar:/home/ttpl-lnvl15-0287/.m2/repository/net/bytebuddy/byte-buddy-agent/1.15.11/byte-buddy-agent-1.15.11.jar:/home/ttpl-lnvl15-0287/.m2/repository/org/objenesis/objenesis/3.3/objenesis-3.3.jar:/home/ttpl-lnvl15-0287/.m2/repository/org/mockito/mockito-junit-jupiter/5.14.2/mockito-junit-jupiter-5.14.2.jar:/home/ttpl-lnvl15-0287/.m2/repository/org/skyscreamer/jsonassert/1.5.3/jsonassert-1.5.3.jar:/home/ttpl-lnvl15-0287/.m2/repository/com/vaadin/external/google/android-json/0.0.20131108.vaadin1/android-json-0.0.20131108.vaadin1.jar:/home/ttpl-lnvl15-0287/.m2/repository/org/springframework/spring-core/6.2.3/spring-core-6.2.3.jar:/home/ttpl-lnvl15-0287/.m2/repository/org/springframework/spring-jcl/6.2.3/spring-jcl-6.2.3.jar:/home/ttpl-lnvl15-0287/.m2/repository/org/springframework/spring-test/6.2.3/spring-test-6.2.3.jar:/home/ttpl-lnvl15-0287/.m2/repository/org/xmlunit/xmlunit-core/2.10.0/xmlunit-core-2.10.0.jar:/home/ttpl-lnvl15-0287/.m2/repository/net/sourceforge/tess4j/tess4j/5.11.0/tess4j-5.11.0.jar:/home/ttpl-lnvl15-0287/.m2/repository/net/java/dev/jna/jna/5.14.0/jna-5.14.0.jar:/home/ttpl-lnvl15-0287/.m2/repository/com/github/jai-imageio/jai-imageio-core/1.4.0/jai-imageio-core-1.4.0.jar:/home/ttpl-lnvl15-0287/.m2/repository/org/apache/pdfbox/pdfbox/3.0.1/pdfbox-3.0.1.jar:/home/ttpl-lnvl15-0287/.m2/repository/org/apache/pdfbox/pdfbox-io/3.0.1/pdfbox-io-3.0.1.jar:/home/ttpl-lnvl15-0287/.m2/repository/org/apache/pdfbox/fontbox/3.0.1/fontbox-3.0.1.jar:/home/ttpl-lnvl15-0287/.m2/repository/commons-logging/commons-logging/1.2/commons-logging-1.2.jar:/home/ttpl-lnvl15-0287/.m2/repository/org/apache/pdfbox/pdfbox-tools/3.0.1/pdfbox-tools-3.0.1.jar:/home/ttpl-lnvl15-0287/.m2/repository/org/apache/pdfbox/pdfbox-debugger/3.0.1/pdfbox-debugger-3.0.1.jar:/home/ttpl-lnvl15-0287/.m2/repository/info/picocli/picocli/4.7.5/picocli-4.7.5.jar:/home/ttpl-lnvl15-0287/.m2/repository/org/apache/pdfbox/jbig2-imageio/3.0.4/jbig2-imageio-3.0.4.jar:/home/ttpl-lnvl15-0287/.m2/repository/commons-io/commons-io/2.15.1/commons-io-2.15.1.jar:/home/ttpl-lnvl15-0287/.m2/repository/net/sourceforge/lept4j/lept4j/1.19.1/lept4j-1.19.1.jar:/home/ttpl-lnvl15-0287/.m2/repository/org/jboss/jboss-vfs/3.2.17.Final/jboss-vfs-3.2.17.Final.jar:/home/ttpl-lnvl15-0287/.m2/repository/org/jboss/logging/jboss-logging/3.6.1.Final/jboss-logging-3.6.1.Final.jar:/home/ttpl-lnvl15-0287/.m2/repository/org/slf4j/slf4j-api/2.0.16/slf4j-api-2.0.16.jar:"/>
    <property name="sun.cpu.endian" value="little"/>
    <property name="user.home" value="/home/ttpl-lnvl15-0287"/>
    <property name="user.language" value="en"/>
    <property name="java.specification.vendor" value="Oracle Corporation"/>
    <property name="java.version.date" value="2025-01-21"/>
    <property name="java.home" value="/home/ttpl-lnvl15-0287/.jdks/openjdk-23.0.2"/>
    <property name="file.separator" value="/"/>
    <property name="basedir" value="/home/ttpl-lnvl15-0287/Desktop/Desktop Folder/Tesseract OCR/demo"/>
    <property name="java.vm.compressedOopsMode" value="Zero based"/>
    <property name="line.separator" value="&#10;"/>
    <property name="java.vm.specification.vendor" value="Oracle Corporation"/>
    <property name="java.specification.name" value="Java Platform API Specification"/>
    <property name="FILE_LOG_CHARSET" value="UTF-8"/>
    <property name="java.awt.headless" value="true"/>
    <property name="surefire.real.class.path" value="/home/ttpl-lnvl15-0287/Desktop/Desktop Folder/Tesseract OCR/demo/target/surefire/surefirebooter-20250222214759310_3.jar"/>
    <property name="sun.management.compiler" value="HotSpot 64-Bit Tiered Compilers"/>
    <property name="java.runtime.version" value="23.0.2+7-58"/>
    <property name="user.name" value="ttpl-lnvl15-0287"/>
    <property name="stdout.encoding" value="UTF-8"/>
    <property name="path.separator" value=":"/>
    <property name="os.version" value="6.11.0-17-generic"/>
    <property name="java.runtime.name" value="OpenJDK Runtime Environment"/>
    <property name="file.encoding" value="UTF-8"/>
    <property name="java.vm.name" value="OpenJDK 64-Bit Server VM"/>
    <property name="localRepository" value="/home/ttpl-lnvl15-0287/.m2/repository"/>
    <property name="java.vendor.url.bug" value="https://bugreport.java.com/bugreport/"/>
    <property name="java.io.tmpdir" value="/tmp"/>
    <property name="idea.version" value="2024.1.4"/>
    <property name="java.version" value="23.0.2"/>
    <property name="user.dir" value="/home/ttpl-lnvl15-0287/Desktop/Desktop Folder/Tesseract OCR/demo"/>
    <property name="os.arch" value="amd64"/>
    <property name="java.vm.specification.name" value="Java Virtual Machine Specification"/>
    <property name="PID" value="79315"/>
    <property name="CONSOLE_LOG_CHARSET" value="UTF-8"/>
    <property name="native.encoding" value="UTF-8"/>
    <property name="java.library.path" value="/usr/java/packages/lib:/usr/lib64:/lib64:/lib:/usr/lib"/>
    <property name="java.vm.info" value="mixed mode, sharing"/>
    <property name="stderr.encoding" value="UTF-8"/>
    <property name="java.vendor" value="Oracle Corporation"/>
    <property name="java.vm.version" value="23.0.2+7-58"/>
    <property name="sun.io.unicode.encoding" value="UnicodeLittle"/>
    <property name="java.class.version" value="67.0"/>
    <property name="LOGGED_APPLICATION_NAME" value="[Tesseract_ocr] "/>
  </properties>
  <testcase name="contextLoads" classname="com.tesseract.demo.TesseractOcrApplicationTests" time="0.569">
    <system-out><![CDATA[21:48:00.141 [main] INFO org.springframework.test.context.support.AnnotationConfigContextLoaderUtils -- Could not detect default configuration classes for test class [com.tesseract.demo.TesseractOcrApplicationTests]: TesseractOcrApplicationTests does not declare any static, non-private, non-final, nested classes annotated with @Configuration.
21:48:00.266 [main] INFO org.springframework.boot.test.context.SpringBootTestContextBootstrapper -- Found @SpringBootConfiguration com.tesseract.demo.TesseractOcrApplication for test class com.tesseract.demo.TesseractOcrApplicationTests

  .   ____          _            __ _ _
 /\\ / ___'_ __ _ _(_)_ __  __ _ \ \ \ \
( ( )\___ | '_ | '_| | '_ \/ _` | \ \ \ \
 \\/  ___)| |_)| | | | | || (_| |  ) ) ) )
  '  |____| .__|_| |_|_| |_\__, | / / / /
 =========|_|==============|___/=/_/_/_/

 :: Spring Boot ::                (v3.4.3)

2025-02-22T21:48:00.540+05:30  INFO 79315 --- [Tesseract_ocr] [           main] c.t.demo.TesseractOcrApplicationTests    : Starting TesseractOcrApplicationTests using Java 23.0.2 with PID 79315 (started by ttpl-lnvl15-0287 in /home/ttpl-lnvl15-0287/Desktop/Desktop Folder/Tesseract OCR/demo)
2025-02-22T21:48:00.541+05:30  INFO 79315 --- [Tesseract_ocr] [           main] c.t.demo.TesseractOcrApplicationTests    : No active profile set, falling back to 1 default profile: "default"
2025-02-22T21:48:01.214+05:30  INFO 79315 --- [Tesseract_ocr] [           main] c.t.demo.TesseractOcrApplicationTests    : Started TesseractOcrApplicationTests in 0.877 seconds (process running for 1.857)
]]></system-out>
    <system-err><![CDATA[Mockito is currently self-attaching to enable the inline-mock-maker. This will no longer work in future releases of the JDK. Please add Mockito as an agent to your build what is described in Mockito's documentation: https://javadoc.io/doc/org.mockito/mockito-core/latest/org/mockito/Mockito.html#0.3
WARNING: A Java agent has been loaded dynamically (/home/ttpl-lnvl15-0287/.m2/repository/net/bytebuddy/byte-buddy-agent/1.15.11/byte-buddy-agent-1.15.11.jar)
WARNING: If a serviceability tool is in use, please run with -XX:+EnableDynamicAgentLoading to hide this warning
WARNING: If a serviceability tool is not in use, please run with -Djdk.instrument.traceUsage for more information
WARNING: Dynamic loading of agents will be disallowed by default in a future release
]]></system-err>
  </testcase>
</testsuite>